<?xml version="1.0" encoding="UTF-8"?>
<testsuite xmlns:xsi="http://www.w3.org/2001/XMLSchema-instance" xsi:noNamespaceSchemaLocation="https://maven.apache.org/surefire/maven-surefire-plugin/xsd/surefire-test-report.xsd" name="Cucumber.Cucumber.Runner" time="36.902" tests="11" errors="0" skipped="0" failures="0">
  <properties>
[...]
</properties>
  <testcase name="Given I am a valid user" classname="| natarajan.ramanathan93@gmail.com | Welcome123 |" time="0.001"/>
  <testcase name="When I enter the username as natarajan.ramanathan93@gmail.com" classname="| natarajan.ramanathan93@gmail.com | Welcome123 |" time="0.001"/>
  <testcase name="And I enter the password as Welcome123" classname="| natarajan.ramanathan93@gmail.com | Welcome123 |" time="0"/>
  <testcase name="And I click on the SignIn button" classname="| natarajan.ramanathan93@gmail.com | Welcome123 |" time="0"/>
  <testcase name="Then I should be navigated to the dashboard" classname="| natarajan.ramanathan93@gmail.com | Welcome123 |" time="0"/>
  <testcase name="| natarajan.ramanathan93@gmail.com | Welcome123 |" classname="| natarajan.ramanathan93@gmail.com | Welcome123 |" time="0.308"/>
  <testcase name="Given I am a valid user" classname="Scenario: Insurance Records" time="0.001"/>
  <testcase name="When I enter the insurance records" classname="Scenario: Insurance Records" time="0"/>
  <testcase name="And I post it" classname="Scenario: Insurance Records" time="0"/>
  <testcase name="Then I should be able to retrieve the data from DB" classname="Scenario: Insurance Records" time="0"/>
  <testcase name="Scenario: Insurance Records" classname="Scenario: Insurance Records" time="0.35"/>
</testsuite>